2022-11-03 13:44:32 error: [GET] /addOnePokemon >> StatusCode:: 500, Message:: getaddrinfo ENOTFOUND pokeapi.co
2022-11-03 14:10:27 error: [GET] /addOnePokemon >> StatusCode:: 500, Message:: getaddrinfo ENOTFOUND pokeapi.co
2022-11-03 14:19:13 error: uncaughtException: req is not defined
ReferenceError: req is not defined
    at C:\Users\Rufus\Documents\Work\Projects\pokemon-cron-mongoose\src\services\pokemon.service.ts:68:35
    at Array.some (<anonymous>)
    at C:\Users\Rufus\Documents\Work\Projects\pokemon-cron-mongoose\src\services\pokemon.service.ts:59:26
    at processTicksAndRejections (node:internal/process/task_queues:96:5)
    at async PokemonService.addOnePokemon (C:\Users\Rufus\Documents\Work\Projects\pokemon-cron-mongoose\src\services\pokemon.service.ts:57:9)
    at async PokemonController.addOnePokemon (C:\Users\Rufus\Documents\Work\Projects\pokemon-cron-mongoose\src\controllers\pokemon.controller.ts:34:29)
2022-11-03 15:30:42 error: uncaughtException: Cannot read properties of undefined (reading 'schedule')
TypeError: Cannot read properties of undefined (reading 'schedule')
    at App.initializeCronJob (C:\Users\Rufus\Documents\Work\Projects\pokemon-cron-mongoose\src\app.ts:99:10)
    at new App (C:\Users\Rufus\Documents\Work\Projects\pokemon-cron-mongoose\src\app.ts:35:10)
    at Object.<anonymous> (C:\Users\Rufus\Documents\Work\Projects\pokemon-cron-mongoose\src\server.ts:10:13)
    at Module._compile (node:internal/modules/cjs/loader:1103:14)
    at Module.m._compile (C:\Users\Rufus\Documents\Work\Projects\pokemon-cron-mongoose\node_modules\ts-node\src\index.ts:1618:23)
    at Module._extensions..js (node:internal/modules/cjs/loader:1155:10)
    at Object.require.extensions.<computed> [as .ts] (C:\Users\Rufus\Documents\Work\Projects\pokemon-cron-mongoose\node_modules\ts-node\src\index.ts:1621:12)
    at Module.load (node:internal/modules/cjs/loader:981:32)
    at Function.Module._load (node:internal/modules/cjs/loader:822:12)
    at Function.executeUserEntryPoint [as runMain] (node:internal/modules/run_main:77:12)
2022-11-03 15:35:03 error: uncaughtException: Cannot read properties of undefined (reading 'schedule')
TypeError: Cannot read properties of undefined (reading 'schedule')
    at App.initializeCronJob (C:\Users\Rufus\Documents\Work\Projects\pokemon-cron-mongoose\src\app.ts:99:10)
    at new App (C:\Users\Rufus\Documents\Work\Projects\pokemon-cron-mongoose\src\app.ts:35:10)
    at Object.<anonymous> (C:\Users\Rufus\Documents\Work\Projects\pokemon-cron-mongoose\src\server.ts:10:13)
    at Module._compile (node:internal/modules/cjs/loader:1103:14)
    at Module.m._compile (C:\Users\Rufus\Documents\Work\Projects\pokemon-cron-mongoose\node_modules\ts-node\src\index.ts:1618:23)
    at Module._extensions..js (node:internal/modules/cjs/loader:1155:10)
    at Object.require.extensions.<computed> [as .ts] (C:\Users\Rufus\Documents\Work\Projects\pokemon-cron-mongoose\node_modules\ts-node\src\index.ts:1621:12)
    at Module.load (node:internal/modules/cjs/loader:981:32)
    at Function.Module._load (node:internal/modules/cjs/loader:822:12)
    at Function.executeUserEntryPoint [as runMain] (node:internal/modules/run_main:77:12)
