2022-10-31 16:41:14 info: =================================
2022-10-31 16:41:14 info: ======= ENV: development =======
2022-10-31 16:41:14 info: 🚀 App listening on the port 3000
2022-10-31 16:41:14 info: =================================
2022-10-31 16:42:15 info: [0mGET / [32m200[0m 6.080 ms - 2[0m
2022-10-31 16:42:20 info: [0mGET /pokemon [32m200[0m 12.761 ms - 38[0m
2022-10-31 16:42:49 info: =================================
2022-10-31 16:42:49 info: ======= ENV: development =======
2022-10-31 16:42:49 info: 🚀 App listening on the port 3000
2022-10-31 16:42:49 info: =================================
2022-10-31 16:43:09 info: =================================
2022-10-31 16:43:09 info: ======= ENV: development =======
2022-10-31 16:43:09 info: 🚀 App listening on the port 3000
2022-10-31 16:43:09 info: =================================
2022-10-31 16:44:17 info: =================================
2022-10-31 16:44:17 info: ======= ENV: development =======
2022-10-31 16:44:17 info: 🚀 App listening on the port 3000
2022-10-31 16:44:17 info: =================================
2022-10-31 16:44:23 info: [0mGET /pokemon [36m304[0m 13.579 ms - -[0m
2022-10-31 16:45:03 info: [0mGET /pokemon [36m304[0m 8.693 ms - -[0m
2022-10-31 16:45:53 info: [0mGET /pokemon [36m304[0m 6.299 ms - -[0m
2022-10-31 16:48:00 info: =================================
2022-10-31 16:48:00 info: ======= ENV: development =======
2022-10-31 16:48:00 info: 🚀 App listening on the port 3000
2022-10-31 16:48:00 info: =================================
2022-10-31 16:48:13 info: =================================
2022-10-31 16:48:13 info: ======= ENV: development =======
2022-10-31 16:48:13 info: 🚀 App listening on the port 3000
2022-10-31 16:48:13 info: =================================
2022-10-31 16:48:22 info: =================================
2022-10-31 16:48:22 info: ======= ENV: development =======
2022-10-31 16:48:22 info: 🚀 App listening on the port 3000
2022-10-31 16:48:22 info: =================================
2022-10-31 16:48:22 info: [0mGET /pokemon [36m304[0m 20.038 ms - -[0m
2022-10-31 16:48:34 info: [0mGET /pokemon [36m304[0m 5.495 ms - -[0m
2022-10-31 16:51:29 info: =================================
2022-10-31 16:51:29 info: ======= ENV: development =======
2022-10-31 16:51:29 info: 🚀 App listening on the port 3000
2022-10-31 16:51:29 info: =================================
2022-10-31 16:51:30 info: [0mGET /pokemon [36m304[0m 12.592 ms - -[0m
2022-10-31 16:52:21 info: =================================
2022-10-31 16:52:21 info: ======= ENV: development =======
2022-10-31 16:52:21 info: 🚀 App listening on the port 3000
2022-10-31 16:52:21 info: =================================
