2022-11-01 10:47:54 info: =================================
2022-11-01 10:47:54 info: ======= ENV: development =======
2022-11-01 10:47:54 info: 🚀 App listening on the port 3000
2022-11-01 10:47:54 info: =================================
2022-11-01 10:48:04 info: [0mGET /pokemon [36m304[0m 20.431 ms - -[0m
2022-11-01 10:48:04 info: [0mGET /favicon.ico [33m404[0m 3.624 ms - 150[0m
2022-11-01 10:51:10 info: =================================
2022-11-01 10:51:10 info: ======= ENV: development =======
2022-11-01 10:51:10 info: 🚀 App listening on the port 3000
2022-11-01 10:51:10 info: =================================
2022-11-01 10:51:17 info: [0mGET /pokemon [36m304[0m 13.125 ms - -[0m
2022-11-01 11:01:48 info: =================================
2022-11-01 11:01:48 info: ======= ENV: development =======
2022-11-01 11:01:48 info: 🚀 App listening on the port 3000
2022-11-01 11:01:48 info: =================================
2022-11-01 11:02:49 info: =================================
2022-11-01 11:02:49 info: ======= ENV: development =======
2022-11-01 11:02:49 info: 🚀 App listening on the port 3000
2022-11-01 11:02:49 info: =================================
2022-11-01 11:02:49 info: [0mGET /pokemon [32m200[0m 116.364 ms - -[0m
2022-11-01 11:04:13 info: =================================
2022-11-01 11:04:13 info: ======= ENV: development =======
2022-11-01 11:04:13 info: 🚀 App listening on the port 3000
2022-11-01 11:04:13 info: =================================
2022-11-01 11:04:34 info: =================================
2022-11-01 11:04:34 info: ======= ENV: development =======
2022-11-01 11:04:34 info: 🚀 App listening on the port 3000
2022-11-01 11:04:34 info: =================================
2022-11-01 11:04:34 info: [0mGET /pokemon [32m200[0m 49.808 ms - -[0m
2022-11-01 11:07:00 info: =================================
2022-11-01 11:07:00 info: ======= ENV: development =======
2022-11-01 11:07:00 info: 🚀 App listening on the port 3000
2022-11-01 11:07:00 info: =================================
2022-11-01 11:07:03 info: [0mGET /pokemon [32m200[0m 62.706 ms - -[0m
2022-11-01 11:09:39 info: =================================
2022-11-01 11:09:39 info: ======= ENV: development =======
2022-11-01 11:09:39 info: 🚀 App listening on the port 3000
2022-11-01 11:09:39 info: =================================
2022-11-01 11:09:43 info: [0mGET /pokemon [32m200[0m 67.411 ms - -[0m
2022-11-01 11:11:48 info: =================================
2022-11-01 11:11:48 info: ======= ENV: development =======
2022-11-01 11:11:48 info: 🚀 App listening on the port 3000
2022-11-01 11:11:48 info: =================================
2022-11-01 11:11:55 info: =================================
2022-11-01 11:11:55 info: ======= ENV: development =======
2022-11-01 11:11:55 info: 🚀 App listening on the port 3000
2022-11-01 11:11:55 info: =================================
2022-11-01 11:12:13 info: =================================
2022-11-01 11:12:13 info: ======= ENV: development =======
2022-11-01 11:12:13 info: 🚀 App listening on the port 3000
2022-11-01 11:12:13 info: =================================
2022-11-01 11:15:53 info: =================================
2022-11-01 11:15:53 info: ======= ENV: development =======
2022-11-01 11:15:53 info: 🚀 App listening on the port 3000
2022-11-01 11:15:53 info: =================================
2022-11-01 11:15:53 info: [0mGET /pokemon [32m200[0m 71.472 ms - -[0m
2022-11-01 11:17:29 info: =================================
2022-11-01 11:17:29 info: ======= ENV: development =======
2022-11-01 11:17:29 info: 🚀 App listening on the port 3000
2022-11-01 11:17:29 info: =================================
2022-11-01 11:17:30 info: [0mGET /get_pokemon [33m404[0m 11.299 ms - 150[0m
2022-11-01 11:17:35 info: [0mGET /pokemon [32m200[0m 18.479 ms - 38[0m
2022-11-01 11:42:51 info: =================================
2022-11-01 11:42:51 info: ======= ENV: development =======
2022-11-01 11:42:51 info: 🚀 App listening on the port 3000
2022-11-01 11:42:51 info: =================================
2022-11-01 11:43:30 info: =================================
2022-11-01 11:43:30 info: ======= ENV: development =======
2022-11-01 11:43:30 info: 🚀 App listening on the port 3000
2022-11-01 11:43:30 info: =================================
2022-11-01 11:44:00 info: =================================
2022-11-01 11:44:00 info: ======= ENV: development =======
2022-11-01 11:44:00 info: 🚀 App listening on the port 3000
2022-11-01 11:44:00 info: =================================
2022-11-01 11:44:07 error: [GET] /addPokemon >> StatusCode:: 500, Message:: Pokemon validation failed: stats: Path `stats` is required., weight: Path `weight` is required., img: Path `img` is required., species: Path `species` is required., name: Path `name` is required., id: Path `id` is required.
2022-11-01 11:44:07 info: [0mGET /addPokemon [31m500[0m 43.146 ms - 237[0m
2022-11-01 11:45:32 info: =================================
2022-11-01 11:45:32 info: ======= ENV: development =======
2022-11-01 11:45:32 info: 🚀 App listening on the port 3000
2022-11-01 11:45:32 info: =================================
2022-11-01 11:45:33 info: [0mGET /addPokemon [32m200[0m 12.394 ms - 687[0m
2022-11-01 11:46:32 info: =================================
2022-11-01 11:46:32 info: ======= ENV: development =======
2022-11-01 11:46:32 info: 🚀 App listening on the port 3000
2022-11-01 11:46:32 info: =================================
2022-11-01 11:46:33 info: [0mGET /addPokemon [32m200[0m 10.211 ms - 687[0m
2022-11-01 11:48:42 info: =================================
2022-11-01 11:48:42 info: ======= ENV: development =======
2022-11-01 11:48:42 info: 🚀 App listening on the port 3000
2022-11-01 11:48:42 info: =================================
2022-11-01 11:48:42 error: [GET] /addPokemon >> StatusCode:: 500, Message:: Pokemon validation failed: stats: Path `stats` is required., weight: Path `weight` is required., img: Path `img` is required., species: Path `species` is required., name: Path `name` is required., id: Path `id` is required.
2022-11-01 11:48:42 info: [0mGET /addPokemon [31m500[0m 50.749 ms - 237[0m
2022-11-01 11:56:21 info: =================================
2022-11-01 11:56:21 info: ======= ENV: development =======
2022-11-01 11:56:21 info: 🚀 App listening on the port 3000
2022-11-01 11:56:21 info: =================================
2022-11-01 12:53:44 info: =================================
2022-11-01 12:53:44 info: ======= ENV: development =======
2022-11-01 12:53:44 info: 🚀 App listening on the port 3000
2022-11-01 12:53:44 info: =================================
2022-11-01 12:55:31 info: =================================
2022-11-01 12:55:31 info: ======= ENV: development =======
2022-11-01 12:55:31 info: 🚀 App listening on the port 3000
2022-11-01 12:55:31 info: =================================
2022-11-01 12:55:40 error: [GET] /addPokemon >> StatusCode:: 500, Message:: Pokemon validation failed: stats: Path `stats` is required., weight: Path `weight` is required., img: Path `img` is required., species: Path `species` is required., name: Path `name` is required., id: Path `id` is required.
2022-11-01 12:55:40 info: [0mGET /addPokemon [31m500[0m 33.100 ms - 237[0m
2022-11-01 12:57:30 info: =================================
2022-11-01 12:57:30 info: ======= ENV: development =======
2022-11-01 12:57:30 info: 🚀 App listening on the port 3000
2022-11-01 12:57:30 info: =================================
2022-11-01 12:57:42 info: =================================
2022-11-01 12:57:42 info: ======= ENV: development =======
2022-11-01 12:57:42 info: 🚀 App listening on the port 3000
2022-11-01 12:57:42 info: =================================
2022-11-01 12:58:08 info: =================================
2022-11-01 12:58:08 info: ======= ENV: development =======
2022-11-01 12:58:08 info: 🚀 App listening on the port 3000
2022-11-01 12:58:08 info: =================================
2022-11-01 12:58:26 info: =================================
2022-11-01 12:58:26 info: ======= ENV: development =======
2022-11-01 12:58:26 info: 🚀 App listening on the port 3000
2022-11-01 12:58:26 info: =================================
2022-11-01 12:58:31 error: [GET] /addPokemon >> StatusCode:: 500, Message:: Pokemon validation failed: stats: Path `stats` is required., weight: Path `weight` is required., img: Path `img` is required., species: Path `species` is required., name: Path `name` is required., id: Path `id` is required.
2022-11-01 12:58:31 info: [0mGET /addPokemon [31m500[0m 36.620 ms - 237[0m
2022-11-01 12:58:46 info: =================================
2022-11-01 12:58:46 info: ======= ENV: development =======
2022-11-01 12:58:46 info: 🚀 App listening on the port 3000
2022-11-01 12:58:46 info: =================================
2022-11-01 12:58:54 error: [GET] /addPokemon >> StatusCode:: 500, Message:: Pokemon validation failed: stats: Path `stats` is required., weight: Path `weight` is required., img: Path `img` is required., species: Path `species` is required., name: Path `name` is required., id: Path `id` is required.
2022-11-01 12:58:54 info: [0mGET /addPokemon [31m500[0m 41.709 ms - 237[0m
2022-11-01 13:00:27 info: =================================
2022-11-01 13:00:27 info: ======= ENV: development =======
2022-11-01 13:00:27 info: 🚀 App listening on the port 3000
2022-11-01 13:00:27 info: =================================
2022-11-01 13:00:28 error: [GET] /addPokemon >> StatusCode:: 500, Message:: Pokemon validation failed: stats: Path `stats` is required., weight: Path `weight` is required., img: Path `img` is required., species: Path `species` is required., name: Path `name` is required., id: Path `id` is required.
2022-11-01 13:00:28 info: [0mGET /addPokemon [31m500[0m 30.188 ms - 237[0m
2022-11-01 13:00:39 info: =================================
2022-11-01 13:00:39 info: ======= ENV: development =======
2022-11-01 13:00:39 info: 🚀 App listening on the port 3000
2022-11-01 13:00:39 info: =================================
2022-11-01 13:00:43 info: [0mGET /addPokemon [32m200[0m 19.452 ms - 16[0m
2022-11-01 13:01:27 info: =================================
2022-11-01 13:01:27 info: ======= ENV: development =======
2022-11-01 13:01:27 info: 🚀 App listening on the port 3000
2022-11-01 13:01:27 info: =================================
2022-11-01 13:01:27 error: [GET] /addPokemon >> StatusCode:: 500, Message:: E11000 duplicate key error collection: pokemondb.PokemonN index: id_1 dup key: { id: "Metapod" }
2022-11-01 13:01:27 info: [0mGET /addPokemon [31m500[0m 56.110 ms - 112[0m
2022-11-01 13:08:15 info: =================================
2022-11-01 13:08:15 info: ======= ENV: development =======
2022-11-01 13:08:15 info: 🚀 App listening on the port 3000
2022-11-01 13:08:15 info: =================================
2022-11-01 13:12:43 info: =================================
2022-11-01 13:12:43 info: ======= ENV: development =======
2022-11-01 13:12:43 info: 🚀 App listening on the port 3000
2022-11-01 13:12:43 info: =================================
2022-11-01 13:13:34 info: [0mGET /addPokemon [0m-[0m - ms - -[0m
2022-11-01 13:13:50 info: =================================
2022-11-01 13:13:50 info: ======= ENV: development =======
2022-11-01 13:13:50 info: 🚀 App listening on the port 3000
2022-11-01 13:13:50 info: =================================
2022-11-01 13:14:53 info: =================================
2022-11-01 13:14:53 info: ======= ENV: development =======
2022-11-01 13:14:53 info: 🚀 App listening on the port 3000
2022-11-01 13:14:53 info: =================================
2022-11-01 13:14:54 error: [GET] /addPokemon >> StatusCode:: 500, Message:: E11000 duplicate key error collection: pokemondb.PokemonN index: id_1 dup key: { id: "Metapod" }
2022-11-01 13:14:54 info: [0mGET /addPokemon [31m500[0m 30.049 ms - 112[0m
2022-11-01 13:14:54 error: [GET] /addPokemon >> StatusCode:: 500, Message:: E11000 duplicate key error collection: pokemondb.PokemonN index: id_1 dup key: { id: "Metapod" }
2022-11-01 13:14:54 info: [0mGET /addPokemon [31m500[0m 32.937 ms - 112[0m
2022-11-01 13:15:38 info: =================================
2022-11-01 13:15:38 info: ======= ENV: development =======
2022-11-01 13:15:38 info: 🚀 App listening on the port 3000
2022-11-01 13:15:38 info: =================================
2022-11-01 13:15:38 error: [GET] /addPokemon >> StatusCode:: 500, Message:: E11000 duplicate key error collection: pokemondb.PokemonN index: id_1 dup key: { id: "Metapod" }
2022-11-01 13:15:38 info: [0mGET /addPokemon [31m500[0m 33.477 ms - 112[0m
2022-11-01 13:19:50 info: =================================
2022-11-01 13:19:50 info: ======= ENV: development =======
2022-11-01 13:19:50 info: 🚀 App listening on the port 3000
2022-11-01 13:19:50 info: =================================
2022-11-01 13:19:51 error: [GET] /addPokemon >> StatusCode:: 409, Message:: This email {
  id: 'Metapod',
  name: 'Metapod',
  types: [ 'Bug' ],
  abilities: [
    {
      name: 'Shed Skin',
      effect: 'After each turn, this Pokémon has a 33% of being cured of any major status ailment.',
      _id: new ObjectId("6360ba86147cdf8f9216733d")
    }
  ],
  moves: [ 'String Shot', 'Harden', 'Iron Defense', 'Bug Bite', 'Electroweb' ],
  species: 'Metapod',
  img: 'https://raw.githubusercontent.com/PokeAPI/sprites/master/sprites/pokemon/11.png',
  weight: 99,
  encounters: [
    'Eterna Forest Area',
    'Johto Route 30 Area',
    'Johto Route 31 Area',
    'Ilex Forest Area',
    'Johto Route 34 Area'
  ],
  stats: {
    hp: 50,
    attack: 20,
    defense: 55,
    special_attack: 25,
    special_defense: 25,
    speed: 30,
    _id: new ObjectId("6360ba86147cdf8f9216733e")
  },
  _id: new ObjectId("6360ba86147cdf8f9216733c")
} already exists
2022-11-01 13:19:51 info: [0mGET /addPokemon [33m409[0m 51.775 ms - 928[0m
2022-11-01 13:20:14 info: =================================
2022-11-01 13:20:14 info: ======= ENV: development =======
2022-11-01 13:20:14 info: 🚀 App listening on the port 3000
2022-11-01 13:20:14 info: =================================
2022-11-01 13:20:14 error: [GET] /addPokemon >> StatusCode:: 409, Message:: This email Metapod already exists
2022-11-01 13:20:14 info: [0mGET /addPokemon [33m409[0m 25.037 ms - 47[0m
2022-11-01 13:20:28 info: =================================
2022-11-01 13:20:28 info: ======= ENV: development =======
2022-11-01 13:20:28 info: 🚀 App listening on the port 3000
2022-11-01 13:20:28 info: =================================
2022-11-01 13:20:59 info: =================================
2022-11-01 13:20:59 info: ======= ENV: development =======
2022-11-01 13:20:59 info: 🚀 App listening on the port 3000
2022-11-01 13:20:59 info: =================================
2022-11-01 13:21:11 info: =================================
2022-11-01 13:21:11 info: ======= ENV: development =======
2022-11-01 13:21:11 info: 🚀 App listening on the port 3000
2022-11-01 13:21:11 info: =================================
2022-11-01 13:21:19 info: =================================
2022-11-01 13:21:19 info: ======= ENV: development =======
2022-11-01 13:21:19 info: 🚀 App listening on the port 3000
2022-11-01 13:21:19 info: =================================
2022-11-01 14:10:46 info: =================================
2022-11-01 14:10:46 info: ======= ENV: development =======
2022-11-01 14:10:46 info: 🚀 App listening on the port 3000
2022-11-01 14:10:46 info: =================================
2022-11-01 14:32:00 info: =================================
2022-11-01 14:32:00 info: ======= ENV: development =======
2022-11-01 14:32:00 info: 🚀 App listening on the port 3000
2022-11-01 14:32:00 info: =================================
2022-11-01 14:33:17 info: =================================
2022-11-01 14:33:17 info: ======= ENV: development =======
2022-11-01 14:33:17 info: 🚀 App listening on the port 3000
2022-11-01 14:33:17 info: =================================
2022-11-01 14:34:15 info: =================================
2022-11-01 14:34:15 info: ======= ENV: development =======
2022-11-01 14:34:15 info: 🚀 App listening on the port 3000
2022-11-01 14:34:15 info: =================================
2022-11-01 14:34:23 info: [0mGET /addOnePokemon [33m404[0m 6.447 ms - 152[0m
2022-11-01 14:34:49 info: =================================
2022-11-01 14:34:49 info: ======= ENV: development =======
2022-11-01 14:34:49 info: 🚀 App listening on the port 3000
2022-11-01 14:34:49 info: =================================
2022-11-01 14:34:50 info: [0mGET /addOnePokemon [32m200[0m 159.026 ms - 16[0m
2022-11-01 14:36:50 info: =================================
2022-11-01 14:36:50 info: ======= ENV: development =======
2022-11-01 14:36:50 info: 🚀 App listening on the port 3000
2022-11-01 14:36:50 info: =================================
2022-11-01 14:36:50 info: [0mGET /addOnePokemon [36m304[0m 121.977 ms - -[0m
2022-11-01 14:37:43 info: =================================
2022-11-01 14:37:43 info: ======= ENV: development =======
2022-11-01 14:37:43 info: 🚀 App listening on the port 3000
2022-11-01 14:37:43 info: =================================
2022-11-01 14:38:05 info: =================================
2022-11-01 14:38:05 info: ======= ENV: development =======
2022-11-01 14:38:05 info: 🚀 App listening on the port 3000
2022-11-01 14:38:05 info: =================================
2022-11-01 14:38:42 info: [0mGET /addOnePokemon [36m304[0m 156.577 ms - -[0m
2022-11-01 14:39:23 info: =================================
2022-11-01 14:39:23 info: ======= ENV: development =======
2022-11-01 14:39:23 info: 🚀 App listening on the port 3000
2022-11-01 14:39:23 info: =================================
2022-11-01 14:39:23 info: [0mGET /addOnePokemon [36m304[0m 139.848 ms - -[0m
2022-11-01 15:06:28 info: =================================
2022-11-01 15:06:28 info: ======= ENV: development =======
2022-11-01 15:06:28 info: 🚀 App listening on the port 3000
2022-11-01 15:06:28 info: =================================
2022-11-01 15:06:30 info: [0mGET /addOnePokemon [36m304[0m 131.824 ms - -[0m
2022-11-01 15:08:33 info: =================================
2022-11-01 15:08:33 info: ======= ENV: development =======
2022-11-01 15:08:33 info: 🚀 App listening on the port 3000
2022-11-01 15:08:33 info: =================================
2022-11-01 15:08:37 info: [0mGET /addOnePokemon [36m304[0m 109.412 ms - -[0m
