2022-11-07 00:22:44 info: =================================
2022-11-07 00:22:44 info: ======= ENV: development =======
2022-11-07 00:22:44 info: 🚀 App listening on the port 3000
2022-11-07 00:22:44 info: ===== http://localhost:3000 =====
2022-11-07 00:22:44 info: =================================
2022-11-07 00:22:50 info: [0mGET / [32m200[0m 21.316 ms - 2[0m
2022-11-07 00:22:51 info: [0mGET /favicon.ico [33m404[0m 8.801 ms - 150[0m
2022-11-07 00:24:02 info: =================================
2022-11-07 00:24:02 info: ======= ENV: development =======
2022-11-07 00:24:02 info: 🚀 App listening on the port 3000
2022-11-07 00:24:02 info: ===== http://localhost:3000 =====
2022-11-07 00:24:02 info: =================================
2022-11-07 00:26:34 info: =================================
2022-11-07 00:26:34 info: ======= ENV: development =======
2022-11-07 00:26:34 info: 🚀 App listening on the port 3000
2022-11-07 00:26:34 info: ===== http://localhost:3000 =====
2022-11-07 00:26:34 info: =================================
2022-11-07 00:26:49 info: =================================
2022-11-07 00:26:49 info: ======= ENV: development =======
2022-11-07 00:26:49 info: 🚀 App listening on the port 3000
2022-11-07 00:26:49 info: ===== http://localhost:3000 =====
2022-11-07 00:26:49 info: =================================
2022-11-07 00:27:14 info: =================================
2022-11-07 00:27:14 info: ======= ENV: development =======
2022-11-07 00:27:14 info: 🚀 App listening on the port 3000
2022-11-07 00:27:14 info: ===== http://localhost:3000 =====
2022-11-07 00:27:14 info: =================================
2022-11-07 00:28:01 info: =================================
2022-11-07 00:28:01 info: ======= ENV: development =======
2022-11-07 00:28:01 info: 🚀 App listening on the port 3000
2022-11-07 00:28:01 info: ===== http://localhost:3000 =====
2022-11-07 00:28:01 info: =================================
2022-11-07 00:31:44 info: =================================
2022-11-07 00:31:44 info: ======= ENV: development =======
2022-11-07 00:31:44 info: 🚀 App listening on the port 3000
2022-11-07 00:31:44 info: ===== http://localhost:3000 =====
2022-11-07 00:31:44 info: =================================
2022-11-07 00:32:21 info: =================================
2022-11-07 00:32:21 info: ======= ENV: development =======
2022-11-07 00:32:21 info: 🚀 App listening on the port 3000
2022-11-07 00:32:21 info: ===== http://localhost:3000 =====
2022-11-07 00:32:21 info: =================================
2022-11-07 00:32:22 info: [0mGET /addOnePokemon [0m-[0m - ms - -[0m
2022-11-07 00:33:17 info: =================================
2022-11-07 00:33:17 info: ======= ENV: development =======
2022-11-07 00:33:17 info: 🚀 App listening on the port 3000
2022-11-07 00:33:17 info: ===== http://localhost:3000 =====
2022-11-07 00:33:17 info: =================================
2022-11-07 00:34:02 info: =================================
2022-11-07 00:34:02 info: ======= ENV: development =======
2022-11-07 00:34:02 info: 🚀 App listening on the port 3000
2022-11-07 00:34:02 info: ===== http://localhost:3000 =====
2022-11-07 00:34:02 info: =================================
2022-11-07 00:36:20 info: =================================
2022-11-07 00:36:20 info: ======= ENV: development =======
2022-11-07 00:36:20 info: 🚀 App listening on the port 3000
2022-11-07 00:36:20 info: ===== http://localhost:3000 =====
2022-11-07 00:36:20 info: =================================
2022-11-07 00:36:45 info: =================================
2022-11-07 00:36:45 info: ======= ENV: development =======
2022-11-07 00:36:45 info: 🚀 App listening on the port 3000
2022-11-07 00:36:45 info: ===== http://localhost:3000 =====
2022-11-07 00:36:45 info: =================================
2022-11-07 00:37:13 info: =================================
2022-11-07 00:37:13 info: ======= ENV: development =======
2022-11-07 00:37:13 info: 🚀 App listening on the port 3000
2022-11-07 00:37:13 info: ===== http://localhost:3000 =====
2022-11-07 00:37:13 info: =================================
2022-11-07 00:39:50 info: =================================
2022-11-07 00:39:50 info: ======= ENV: development =======
2022-11-07 00:39:50 info: 🚀 App listening on the port 3000
2022-11-07 00:39:50 info: ===== http://localhost:3000 =====
2022-11-07 00:39:50 info: =================================
2022-11-07 00:40:34 info: =================================
2022-11-07 00:40:34 info: ======= ENV: development =======
2022-11-07 00:40:34 info: 🚀 App listening on the port 3000
2022-11-07 00:40:34 info: ===== http://localhost:3000 =====
2022-11-07 00:40:34 info: =================================
2022-11-07 00:42:35 info: =================================
2022-11-07 00:42:35 info: ======= ENV: development =======
2022-11-07 00:42:35 info: 🚀 App listening on the port 3000
2022-11-07 00:42:35 info: ===== http://localhost:3000 =====
2022-11-07 00:42:35 info: =================================
2022-11-07 00:43:08 info: =================================
2022-11-07 00:43:08 info: ======= ENV: development =======
2022-11-07 00:43:08 info: 🚀 App listening on the port 3000
2022-11-07 00:43:08 info: ===== http://localhost:3000 =====
2022-11-07 00:43:08 info: =================================
2022-11-07 00:43:54 info: =================================
2022-11-07 00:43:54 info: ======= ENV: development =======
2022-11-07 00:43:54 info: 🚀 App listening on the port 3000
2022-11-07 00:43:54 info: ===== http://localhost:3000 =====
2022-11-07 00:43:54 info: =================================
2022-11-07 00:46:39 info: =================================
2022-11-07 00:46:39 info: ======= ENV: development =======
2022-11-07 00:46:39 info: 🚀 App listening on the port 3000
2022-11-07 00:46:39 info: ===== http://localhost:3000 =====
2022-11-07 00:46:39 info: =================================
2022-11-07 00:47:04 info: [0mGET /addOnePokemon [0m-[0m - ms - -[0m
2022-11-07 00:50:20 info: =================================
2022-11-07 00:50:20 info: ======= ENV: development =======
2022-11-07 00:50:20 info: 🚀 App listening on the port 3000
2022-11-07 00:50:20 info: ===== http://localhost:3000 =====
2022-11-07 00:50:20 info: =================================
2022-11-07 00:50:30 info: =================================
2022-11-07 00:50:30 info: ======= ENV: development =======
2022-11-07 00:50:30 info: 🚀 App listening on the port 3000
2022-11-07 00:50:30 info: ===== http://localhost:3000 =====
2022-11-07 00:50:30 info: =================================
2022-11-07 00:50:50 info: =================================
2022-11-07 00:50:50 info: ======= ENV: development =======
2022-11-07 00:50:50 info: 🚀 App listening on the port 3000
2022-11-07 00:50:50 info: ===== http://localhost:3000 =====
2022-11-07 00:50:50 info: =================================
2022-11-07 00:51:32 info: =================================
2022-11-07 00:51:32 info: ======= ENV: development =======
2022-11-07 00:51:32 info: 🚀 App listening on the port 3000
2022-11-07 00:51:32 info: ===== http://localhost:3000 =====
2022-11-07 00:51:32 info: =================================
2022-11-07 00:51:49 info: =================================
2022-11-07 00:51:49 info: ======= ENV: development =======
2022-11-07 00:51:49 info: 🚀 App listening on the port 3000
2022-11-07 00:51:49 info: ===== http://localhost:3000 =====
2022-11-07 00:51:49 info: =================================
2022-11-07 00:52:21 info: =================================
2022-11-07 00:52:21 info: ======= ENV: development =======
2022-11-07 00:52:21 info: 🚀 App listening on the port 3000
2022-11-07 00:52:21 info: ===== http://localhost:3000 =====
2022-11-07 00:52:21 info: =================================
2022-11-07 00:52:32 info: =================================
2022-11-07 00:52:32 info: ======= ENV: development =======
2022-11-07 00:52:32 info: 🚀 App listening on the port 3000
2022-11-07 00:52:32 info: ===== http://localhost:3000 =====
2022-11-07 00:52:32 info: =================================
2022-11-07 00:53:34 info: =================================
2022-11-07 00:53:34 info: ======= ENV: development =======
2022-11-07 00:53:34 info: 🚀 App listening on the port 3000
2022-11-07 00:53:34 info: ===== http://localhost:3000 =====
2022-11-07 00:53:34 info: =================================
2022-11-07 00:53:38 error: [GET] /addOnePokemon >> StatusCode:: 500, Message:: Query was already executed: Pokemon.countDocuments({})
2022-11-07 00:53:38 info: [0mGET /addOnePokemon [31m500[0m 22.862 ms - 68[0m
2022-11-07 00:53:48 error: [GET] /addOnePokemon >> StatusCode:: 500, Message:: Query was already executed: Pokemon.countDocuments({})
2022-11-07 00:53:48 info: [0mGET /addOnePokemon [31m500[0m 5.994 ms - 68[0m
2022-11-07 00:56:01 info: =================================
2022-11-07 00:56:01 info: ======= ENV: development =======
2022-11-07 00:56:01 info: 🚀 App listening on the port 3000
2022-11-07 00:56:01 info: ===== http://localhost:3000 =====
2022-11-07 00:56:01 info: =================================
2022-11-07 00:56:46 info: =================================
2022-11-07 00:56:46 info: ======= ENV: development =======
2022-11-07 00:56:46 info: 🚀 App listening on the port 3000
2022-11-07 00:56:46 info: ===== http://localhost:3000 =====
2022-11-07 00:56:46 info: =================================
2022-11-07 00:56:50 info: [0mGET /addOnePokemon [32m200[0m 955.629 ms - 58[0m
2022-11-07 00:57:15 info: =================================
2022-11-07 00:57:15 info: ======= ENV: development =======
2022-11-07 00:57:15 info: 🚀 App listening on the port 3000
2022-11-07 00:57:15 info: ===== http://localhost:3000 =====
2022-11-07 00:57:15 info: =================================
2022-11-07 00:57:19 info: [0mGET /addOnePokemon [32m200[0m 1421.111 ms - 58[0m
2022-11-07 00:57:24 info: [0mGET /addOnePokemon [32m200[0m 2092.046 ms - 57[0m
2022-11-07 00:57:45 info: =================================
2022-11-07 00:57:45 info: ======= ENV: development =======
2022-11-07 00:57:45 info: 🚀 App listening on the port 3000
2022-11-07 00:57:45 info: ===== http://localhost:3000 =====
2022-11-07 00:57:45 info: =================================
2022-11-07 00:57:56 info: =================================
2022-11-07 00:57:56 info: ======= ENV: development =======
2022-11-07 00:57:56 info: 🚀 App listening on the port 3000
2022-11-07 00:57:56 info: ===== http://localhost:3000 =====
2022-11-07 00:57:56 info: =================================
2022-11-07 01:01:12 info: =================================
2022-11-07 01:01:12 info: ======= ENV: development =======
2022-11-07 01:01:12 info: 🚀 App listening on the port 3000
2022-11-07 01:01:12 info: ===== http://localhost:3000 =====
2022-11-07 01:01:12 info: =================================
2022-11-07 01:05:42 info: =================================
2022-11-07 01:05:42 info: ======= ENV: development =======
2022-11-07 01:05:42 info: 🚀 App listening on the port 3000
2022-11-07 01:05:42 info: ===== http://localhost:3000 =====
2022-11-07 01:05:42 info: =================================
2022-11-07 01:06:39 info: =================================
2022-11-07 01:06:39 info: ======= ENV: development =======
2022-11-07 01:06:39 info: 🚀 App listening on the port 3000
2022-11-07 01:06:39 info: ===== http://localhost:3000 =====
2022-11-07 01:06:39 info: =================================
2022-11-07 01:07:08 info: =================================
2022-11-07 01:07:08 info: ======= ENV: development =======
2022-11-07 01:07:08 info: 🚀 App listening on the port 3000
2022-11-07 01:07:08 info: ===== http://localhost:3000 =====
2022-11-07 01:07:08 info: =================================
2022-11-07 01:07:09 error: [GET] /addOnePokemon >> StatusCode:: 500, Message:: Cannot read properties of undefined (reading 'url')
2022-11-07 01:07:09 info: [0mGET /addOnePokemon [31m500[0m 210.688 ms - 65[0m
2022-11-07 01:07:38 info: =================================
2022-11-07 01:07:38 info: ======= ENV: development =======
2022-11-07 01:07:38 info: 🚀 App listening on the port 3000
2022-11-07 01:07:38 info: ===== http://localhost:3000 =====
2022-11-07 01:07:38 info: =================================
2022-11-07 01:07:46 info: =================================
2022-11-07 01:07:46 info: ======= ENV: development =======
2022-11-07 01:07:46 info: 🚀 App listening on the port 3000
2022-11-07 01:07:46 info: ===== http://localhost:3000 =====
2022-11-07 01:07:46 info: =================================
2022-11-07 01:08:52 info: [0mGET /addOnePokemon [0m-[0m - ms - -[0m
2022-11-07 01:09:08 info: [0mGET /addOnePokemon [0m-[0m - ms - -[0m
2022-11-07 01:09:12 info: [0mGET /addOnePokemon [0m-[0m - ms - -[0m
2022-11-07 01:09:46 info: =================================
2022-11-07 01:09:46 info: ======= ENV: development =======
2022-11-07 01:09:46 info: 🚀 App listening on the port 3000
2022-11-07 01:09:46 info: ===== http://localhost:3000 =====
2022-11-07 01:09:46 info: =================================
2022-11-07 01:09:56 info: [0mGET /addOnePokemon [0m-[0m - ms - -[0m
2022-11-07 01:10:09 info: =================================
2022-11-07 01:10:09 info: ======= ENV: development =======
2022-11-07 01:10:09 info: 🚀 App listening on the port 3000
2022-11-07 01:10:09 info: ===== http://localhost:3000 =====
2022-11-07 01:10:09 info: =================================
2022-11-07 01:10:27 info: =================================
2022-11-07 01:10:27 info: ======= ENV: development =======
2022-11-07 01:10:27 info: 🚀 App listening on the port 3000
2022-11-07 01:10:27 info: ===== http://localhost:3000 =====
2022-11-07 01:10:27 info: =================================
2022-11-07 01:10:41 info: =================================
2022-11-07 01:10:41 info: ======= ENV: development =======
2022-11-07 01:10:41 info: 🚀 App listening on the port 3000
2022-11-07 01:10:41 info: ===== http://localhost:3000 =====
2022-11-07 01:10:41 info: =================================
2022-11-07 01:11:03 info: =================================
2022-11-07 01:11:03 info: ======= ENV: development =======
2022-11-07 01:11:03 info: 🚀 App listening on the port 3000
2022-11-07 01:11:03 info: ===== http://localhost:3000 =====
2022-11-07 01:11:03 info: =================================
2022-11-07 01:11:25 info: =================================
2022-11-07 01:11:25 info: ======= ENV: development =======
2022-11-07 01:11:25 info: 🚀 App listening on the port 3000
2022-11-07 01:11:25 info: ===== http://localhost:3000 =====
2022-11-07 01:11:25 info: =================================
2022-11-07 01:12:38 info: =================================
2022-11-07 01:12:38 info: ======= ENV: development =======
2022-11-07 01:12:38 info: 🚀 App listening on the port 3000
2022-11-07 01:12:38 info: ===== http://localhost:3000 =====
2022-11-07 01:12:38 info: =================================
2022-11-07 01:12:39 info: [0mGET /addOnePokemon [32m200[0m 286.350 ms - 49[0m
2022-11-07 01:13:01 info: =================================
2022-11-07 01:13:01 info: ======= ENV: development =======
2022-11-07 01:13:01 info: 🚀 App listening on the port 3000
2022-11-07 01:13:01 info: ===== http://localhost:3000 =====
2022-11-07 01:13:01 info: =================================
2022-11-07 11:38:14 info: =================================
2022-11-07 11:38:14 info: ======= ENV: development =======
2022-11-07 11:38:14 info: 🚀 App listening on the port 3000
2022-11-07 11:38:14 info: ===== http://localhost:3000 =====
2022-11-07 11:38:14 info: =================================
2022-11-07 11:39:30 info: [0mGET / [32m200[0m 7.421 ms - 2[0m
2022-11-07 11:39:31 info: [0mGET /favicon.ico [33m404[0m 3.795 ms - 150[0m
2022-11-07 11:40:07 info: =================================
2022-11-07 11:40:07 info: ======= ENV: development =======
2022-11-07 11:40:07 info: 🚀 App listening on the port 3000
2022-11-07 11:40:07 info: ===== http://localhost:3000 =====
2022-11-07 11:40:07 info: =================================
2022-11-07 11:40:08 info: [0mGET /pokemon [32m200[0m 9.281 ms - 42[0m
2022-11-07 11:40:19 info: [0mGET /pokemon?name=bulbasaur [32m200[0m 4.402 ms - 42[0m
2022-11-07 11:42:26 info: =================================
2022-11-07 11:42:26 info: ======= ENV: development =======
2022-11-07 11:42:26 info: 🚀 App listening on the port 3000
2022-11-07 11:42:26 info: ===== http://localhost:3000 =====
2022-11-07 11:42:26 info: =================================
2022-11-07 11:42:50 info: [0mGET /pokemon?name=bulbasaur [36m304[0m 7.970 ms - -[0m
2022-11-07 11:43:41 info: [0mPOST /pokemon [33m404[0m 4.079 ms - 147[0m
2022-11-07 11:45:37 info: =================================
2022-11-07 11:45:37 info: ======= ENV: development =======
2022-11-07 11:45:37 info: 🚀 App listening on the port 3000
2022-11-07 11:45:37 info: ===== http://localhost:3000 =====
2022-11-07 11:45:37 info: =================================
2022-11-07 11:45:37 info: [0mGET /pokemon?name=bulbasaur [36m304[0m 7.521 ms - -[0m
2022-11-07 11:45:44 info: [0mPOST /pokemon [32m200[0m 6.199 ms - 42[0m
2022-11-07 11:45:50 info: [0mPOST /pokemon [32m200[0m 2.631 ms - 42[0m
2022-11-07 11:46:00 info: [0mPOST /pokemon [32m200[0m 90.287 ms - 42[0m
2022-11-07 11:53:35 info: =================================
2022-11-07 11:53:35 info: ======= ENV: development =======
2022-11-07 11:53:35 info: 🚀 App listening on the port 3000
2022-11-07 11:53:35 info: ===== http://localhost:3000 =====
2022-11-07 11:53:35 info: =================================
2022-11-07 11:53:38 info: [0mGET /pokemon?name=bulbasaur [36m304[0m 12.387 ms - -[0m
2022-11-07 11:53:43 info: [0mPOST /pokemon [32m200[0m 95.042 ms - 42[0m
2022-11-07 11:55:20 info: [0mPOST /pokemon [32m200[0m 6.121 ms - 42[0m
2022-11-07 11:56:39 info: =================================
2022-11-07 11:56:39 info: ======= ENV: development =======
2022-11-07 11:56:39 info: 🚀 App listening on the port 3000
2022-11-07 11:56:39 info: ===== http://localhost:3000 =====
2022-11-07 11:56:39 info: =================================
2022-11-07 11:56:44 info: [0mPOST /pokemon [33m404[0m 10.798 ms - 147[0m
2022-11-07 11:56:47 info: [0mGET /pokemon?name=bulbasaur [32m200[0m 44.659 ms - -[0m
2022-11-07 11:58:02 info: =================================
2022-11-07 11:58:02 info: ======= ENV: development =======
2022-11-07 11:58:02 info: 🚀 App listening on the port 3000
2022-11-07 11:58:02 info: ===== http://localhost:3000 =====
2022-11-07 11:58:02 info: =================================
2022-11-07 11:59:55 info: =================================
2022-11-07 11:59:55 info: ======= ENV: development =======
2022-11-07 11:59:55 info: 🚀 App listening on the port 3000
2022-11-07 11:59:55 info: ===== http://localhost:3000 =====
2022-11-07 11:59:55 info: =================================
2022-11-07 12:00:26 info: =================================
2022-11-07 12:00:26 info: ======= ENV: development =======
2022-11-07 12:00:26 info: 🚀 App listening on the port 3000
2022-11-07 12:00:26 info: ===== http://localhost:3000 =====
2022-11-07 12:00:26 info: =================================
2022-11-07 12:00:39 info: [0mGET /pokemon [32m200[0m 78.787 ms - -[0m
2022-11-07 12:02:53 info: =================================
2022-11-07 12:02:53 info: ======= ENV: development =======
2022-11-07 12:02:53 info: 🚀 App listening on the port 3000
2022-11-07 12:02:53 info: ===== http://localhost:3000 =====
2022-11-07 12:02:53 info: =================================
2022-11-07 12:07:56 info: =================================
2022-11-07 12:07:56 info: ======= ENV: development =======
2022-11-07 12:07:56 info: 🚀 App listening on the port 3000
2022-11-07 12:07:56 info: ===== http://localhost:3000 =====
2022-11-07 12:07:56 info: =================================
