2022-11-03 13:39:43 info: =================================
2022-11-03 13:39:43 info: ======= ENV: development =======
2022-11-03 13:39:43 info: 🚀 App listening on the port 3000
2022-11-03 13:39:43 info: =================================
2022-11-03 13:43:15 info: =================================
2022-11-03 13:43:15 info: ======= ENV: development =======
2022-11-03 13:43:15 info: 🚀 App listening on the port 3000
2022-11-03 13:43:15 info: == URL: localhost:3000 ==
2022-11-03 13:43:15 info: =================================
2022-11-03 13:44:05 info: =================================
2022-11-03 13:44:05 info: ======= ENV: development =======
2022-11-03 13:44:05 info: 🚀 App listening on the port 3000
2022-11-03 13:44:05 info: ===== http://localhost:3000 =====
2022-11-03 13:44:05 info: =================================
2022-11-03 13:44:08 info: [0mGET / [32m200[0m 8.307 ms - 2[0m
2022-11-03 13:44:09 info: [0mGET /favicon.ico [33m404[0m 11.335 ms - 150[0m
2022-11-03 13:44:13 info: [0mGET /pokemono [33m404[0m 1.129 ms - 147[0m
2022-11-03 13:44:15 info: [0mGET /pokemon [32m200[0m 44.555 ms - 733[0m
2022-11-03 13:44:32 error: [GET] /addOnePokemon >> StatusCode:: 500, Message:: getaddrinfo ENOTFOUND pokeapi.co
2022-11-03 13:44:32 info: [0mGET /addOnePokemon [31m500[0m 11087.568 ms - 46[0m
2022-11-03 13:45:22 info: [0mGET /addOnePokemon [32m200[0m 96.943 ms - 16[0m
2022-11-03 13:46:54 info: [0mGET /addOnePokemon [36m304[0m 36.435 ms - -[0m
2022-11-03 13:50:33 info: =================================
2022-11-03 13:50:33 info: ======= ENV: development =======
2022-11-03 13:50:33 info: 🚀 App listening on the port 3000
2022-11-03 13:50:33 info: ===== http://localhost:3000 =====
2022-11-03 13:50:33 info: =================================
2022-11-03 13:50:45 info: [0mGET /addOnePokemon [36m304[0m 83.762 ms - -[0m
2022-11-03 13:58:10 info: =================================
2022-11-03 13:58:10 info: ======= ENV: development =======
2022-11-03 13:58:10 info: 🚀 App listening on the port 3000
2022-11-03 13:58:10 info: ===== http://localhost:3000 =====
2022-11-03 13:58:10 info: =================================
2022-11-03 13:58:38 info: [0mGET /addOnePokemon [36m304[0m 247.347 ms - -[0m
2022-11-03 13:59:12 info: =================================
2022-11-03 13:59:12 info: ======= ENV: development =======
2022-11-03 13:59:12 info: 🚀 App listening on the port 3000
2022-11-03 13:59:12 info: ===== http://localhost:3000 =====
2022-11-03 13:59:12 info: =================================
2022-11-03 13:59:23 info: =================================
2022-11-03 13:59:23 info: ======= ENV: development =======
2022-11-03 13:59:23 info: 🚀 App listening on the port 3000
2022-11-03 13:59:23 info: ===== http://localhost:3000 =====
2022-11-03 13:59:23 info: =================================
2022-11-03 13:59:25 info: [0mGET /addOnePokemon [36m304[0m 64.533 ms - -[0m
2022-11-03 14:00:52 info: =================================
2022-11-03 14:00:52 info: ======= ENV: development =======
2022-11-03 14:00:52 info: 🚀 App listening on the port 3000
2022-11-03 14:00:52 info: ===== http://localhost:3000 =====
2022-11-03 14:00:52 info: =================================
2022-11-03 14:00:57 info: [0mGET /addOnePokemon [36m304[0m 246.202 ms - -[0m
2022-11-03 14:04:09 info: =================================
2022-11-03 14:04:09 info: ======= ENV: development =======
2022-11-03 14:04:09 info: 🚀 App listening on the port 3000
2022-11-03 14:04:09 info: ===== http://localhost:3000 =====
2022-11-03 14:04:09 info: =================================
2022-11-03 14:04:10 info: [0mGET /addOnePokemon [36m304[0m 492.518 ms - -[0m
2022-11-03 14:05:45 info: =================================
2022-11-03 14:05:45 info: ======= ENV: development =======
2022-11-03 14:05:45 info: 🚀 App listening on the port 3000
2022-11-03 14:05:45 info: ===== http://localhost:3000 =====
2022-11-03 14:05:45 info: =================================
2022-11-03 14:05:50 info: [0mGET /addOnePokemon [36m304[0m 1602.307 ms - -[0m
2022-11-03 14:07:04 info: =================================
2022-11-03 14:07:04 info: ======= ENV: development =======
2022-11-03 14:07:04 info: 🚀 App listening on the port 3000
2022-11-03 14:07:04 info: ===== http://localhost:3000 =====
2022-11-03 14:07:04 info: =================================
2022-11-03 14:07:10 info: [0mGET /addOnePokemon [36m304[0m 991.128 ms - -[0m
2022-11-03 14:10:10 info: =================================
2022-11-03 14:10:10 info: ======= ENV: development =======
2022-11-03 14:10:10 info: 🚀 App listening on the port 3000
2022-11-03 14:10:10 info: ===== http://localhost:3000 =====
2022-11-03 14:10:10 info: =================================
2022-11-03 14:10:27 error: [GET] /addOnePokemon >> StatusCode:: 500, Message:: getaddrinfo ENOTFOUND pokeapi.co
2022-11-03 14:10:27 info: [0mGET /addOnePokemon [31m500[0m 11098.130 ms - 46[0m
2022-11-03 14:11:11 info: [0mGET /addOnePokemon [32m200[0m 6298.808 ms - 16[0m
2022-11-03 14:15:42 info: =================================
2022-11-03 14:15:42 info: ======= ENV: development =======
2022-11-03 14:15:42 info: 🚀 App listening on the port 3000
2022-11-03 14:15:42 info: ===== http://localhost:3000 =====
2022-11-03 14:15:42 info: =================================
2022-11-03 14:16:31 info: =================================
2022-11-03 14:16:31 info: ======= ENV: development =======
2022-11-03 14:16:31 info: 🚀 App listening on the port 3000
2022-11-03 14:16:31 info: ===== http://localhost:3000 =====
2022-11-03 14:16:31 info: =================================
2022-11-03 14:17:47 info: =================================
2022-11-03 14:17:47 info: ======= ENV: development =======
2022-11-03 14:17:47 info: 🚀 App listening on the port 3000
2022-11-03 14:17:47 info: ===== http://localhost:3000 =====
2022-11-03 14:17:47 info: =================================
2022-11-03 14:17:49 info: [0mGET /addOnePokemon [36m304[0m 255.564 ms - -[0m
2022-11-03 14:18:47 info: =================================
2022-11-03 14:18:47 info: ======= ENV: development =======
2022-11-03 14:18:47 info: 🚀 App listening on the port 3000
2022-11-03 14:18:47 info: ===== http://localhost:3000 =====
2022-11-03 14:18:47 info: =================================
2022-11-03 14:19:13 info: [0mGET /addOnePokemon [36m304[0m 5524.462 ms - -[0m
2022-11-03 14:19:56 info: =================================
2022-11-03 14:19:56 info: ======= ENV: development =======
2022-11-03 14:19:56 info: 🚀 App listening on the port 3000
2022-11-03 14:19:56 info: ===== http://localhost:3000 =====
2022-11-03 14:19:56 info: =================================
2022-11-03 14:20:01 info: [0mGET /addOnePokemon [36m304[0m 820.070 ms - -[0m
2022-11-03 14:20:27 info: =================================
2022-11-03 14:20:27 info: ======= ENV: development =======
2022-11-03 14:20:27 info: 🚀 App listening on the port 3000
2022-11-03 14:20:27 info: ===== http://localhost:3000 =====
2022-11-03 14:20:27 info: =================================
2022-11-03 14:20:32 info: [0mGET /addOnePokemon [36m304[0m 1252.582 ms - -[0m
2022-11-03 14:23:29 info: =================================
2022-11-03 14:23:29 info: ======= ENV: development =======
2022-11-03 14:23:29 info: 🚀 App listening on the port 3000
2022-11-03 14:23:29 info: ===== http://localhost:3000 =====
2022-11-03 14:23:29 info: =================================
2022-11-03 14:26:01 info: =================================
2022-11-03 14:26:01 info: ======= ENV: development =======
2022-11-03 14:26:01 info: 🚀 App listening on the port 3000
2022-11-03 14:26:01 info: ===== http://localhost:3000 =====
2022-11-03 14:26:01 info: =================================
2022-11-03 14:26:20 info: =================================
2022-11-03 14:26:20 info: ======= ENV: development =======
2022-11-03 14:26:20 info: 🚀 App listening on the port 3000
2022-11-03 14:26:20 info: ===== http://localhost:3000 =====
2022-11-03 14:26:20 info: =================================
2022-11-03 14:28:23 info: =================================
2022-11-03 14:28:23 info: ======= ENV: development =======
2022-11-03 14:28:23 info: 🚀 App listening on the port 3000
2022-11-03 14:28:23 info: ===== http://localhost:3000 =====
2022-11-03 14:28:23 info: =================================
2022-11-03 14:28:35 info: =================================
2022-11-03 14:28:35 info: ======= ENV: development =======
2022-11-03 14:28:35 info: 🚀 App listening on the port 3000
2022-11-03 14:28:35 info: ===== http://localhost:3000 =====
2022-11-03 14:28:35 info: =================================
2022-11-03 14:28:42 info: =================================
2022-11-03 14:28:42 info: ======= ENV: development =======
2022-11-03 14:28:42 info: 🚀 App listening on the port 3000
2022-11-03 14:28:42 info: ===== http://localhost:3000 =====
2022-11-03 14:28:42 info: =================================
2022-11-03 14:28:47 info: [0mGET /addOnePokemon [36m304[0m 281.087 ms - -[0m
2022-11-03 14:36:26 info: =================================
2022-11-03 14:36:26 info: ======= ENV: development =======
2022-11-03 14:36:26 info: 🚀 App listening on the port 3000
2022-11-03 14:36:26 info: ===== http://localhost:3000 =====
2022-11-03 14:36:26 info: =================================
2022-11-03 14:36:43 info: =================================
2022-11-03 14:36:43 info: ======= ENV: development =======
2022-11-03 14:36:43 info: 🚀 App listening on the port 3000
2022-11-03 14:36:43 info: ===== http://localhost:3000 =====
2022-11-03 14:36:43 info: =================================
2022-11-03 14:36:46 info: [0mGET /addOnePokemon [36m304[0m 163.881 ms - -[0m
2022-11-03 14:44:18 info: =================================
2022-11-03 14:44:18 info: ======= ENV: development =======
2022-11-03 14:44:18 info: 🚀 App listening on the port 3000
2022-11-03 14:44:18 info: ===== http://localhost:3000 =====
2022-11-03 14:44:18 info: =================================
2022-11-03 14:44:43 info: [0mGET /addOnePokemon [36m304[0m 76.843 ms - -[0m
2022-11-03 15:18:41 info: =================================
2022-11-03 15:18:41 info: ======= ENV: development =======
2022-11-03 15:18:41 info: 🚀 App listening on the port 3000
2022-11-03 15:18:41 info: ===== http://localhost:3000 =====
2022-11-03 15:18:41 info: =================================
2022-11-03 15:18:45 info: [0mGET /addOnePokemon [36m304[0m 189.998 ms - -[0m
2022-11-03 15:20:42 info: =================================
2022-11-03 15:20:42 info: ======= ENV: development =======
2022-11-03 15:20:42 info: 🚀 App listening on the port 3000
2022-11-03 15:20:42 info: ===== http://localhost:3000 =====
2022-11-03 15:20:42 info: =================================
2022-11-03 15:20:44 info: [0mGET /addOnePokemon [36m304[0m 144.525 ms - -[0m
2022-11-03 15:21:55 info: =================================
2022-11-03 15:21:55 info: ======= ENV: development =======
2022-11-03 15:21:55 info: 🚀 App listening on the port 3000
2022-11-03 15:21:55 info: ===== http://localhost:3000 =====
2022-11-03 15:21:55 info: =================================
2022-11-03 15:21:58 info: [0mGET /addOnePokemon [36m304[0m 126.506 ms - -[0m
2022-11-03 15:22:16 info: =================================
2022-11-03 15:22:16 info: ======= ENV: development =======
2022-11-03 15:22:16 info: 🚀 App listening on the port 3000
2022-11-03 15:22:16 info: ===== http://localhost:3000 =====
2022-11-03 15:22:16 info: =================================
2022-11-03 15:22:19 info: [0mGET /addOnePokemon [36m304[0m 214.794 ms - -[0m
2022-11-03 15:25:59 info: =================================
2022-11-03 15:25:59 info: ======= ENV: development =======
2022-11-03 15:25:59 info: 🚀 App listening on the port 3000
2022-11-03 15:25:59 info: ===== http://localhost:3000 =====
2022-11-03 15:25:59 info: =================================
2022-11-03 15:26:22 info: [0mGET /addOnePokemon [0m-[0m - ms - -[0m
2022-11-03 15:35:40 info: =================================
2022-11-03 15:35:40 info: ======= ENV: development =======
2022-11-03 15:35:40 info: 🚀 App listening on the port 3000
2022-11-03 15:35:40 info: ===== http://localhost:3000 =====
2022-11-03 15:35:40 info: =================================
2022-11-03 15:37:39 info: =================================
2022-11-03 15:37:39 info: ======= ENV: development =======
2022-11-03 15:37:39 info: 🚀 App listening on the port 3000
2022-11-03 15:37:39 info: ===== http://localhost:3000 =====
2022-11-03 15:37:39 info: =================================
2022-11-03 15:40:34 info: [0mGET /addOnePokemon [32m200[0m 85.137 ms - 16[0m
2022-11-03 15:41:07 info: =================================
2022-11-03 15:41:07 info: ======= ENV: development =======
2022-11-03 15:41:07 info: 🚀 App listening on the port 3000
2022-11-03 15:41:07 info: ===== http://localhost:3000 =====
2022-11-03 15:41:07 info: =================================
2022-11-03 15:41:09 info: [0mGET /addOnePokemon [36m304[0m 300.430 ms - -[0m
2022-11-03 15:41:28 info: =================================
2022-11-03 15:41:28 info: ======= ENV: development =======
2022-11-03 15:41:28 info: 🚀 App listening on the port 3000
2022-11-03 15:41:28 info: ===== http://localhost:3000 =====
2022-11-03 15:41:28 info: =================================
2022-11-03 15:42:31 info: =================================
2022-11-03 15:42:31 info: ======= ENV: development =======
2022-11-03 15:42:31 info: 🚀 App listening on the port 3000
2022-11-03 15:42:31 info: ===== http://localhost:3000 =====
2022-11-03 15:42:31 info: =================================
2022-11-03 15:42:33 info: [0mGET /addOnePokemon [36m304[0m 98.829 ms - -[0m
2022-11-03 15:42:36 info: [0mGET /addOnePokemon [36m304[0m 80.062 ms - -[0m
2022-11-03 15:44:17 info: =================================
2022-11-03 15:44:17 info: ======= ENV: development =======
2022-11-03 15:44:17 info: 🚀 App listening on the port 3000
2022-11-03 15:44:17 info: ===== http://localhost:3000 =====
2022-11-03 15:44:17 info: =================================
2022-11-03 15:45:15 info: =================================
2022-11-03 15:45:15 info: ======= ENV: development =======
2022-11-03 15:45:15 info: 🚀 App listening on the port 3000
2022-11-03 15:45:15 info: ===== http://localhost:3000 =====
2022-11-03 15:45:15 info: =================================
2022-11-03 15:45:18 info: [0mGET /addOnePokemon [36m304[0m 107.962 ms - -[0m
2022-11-03 15:46:45 info: =================================
2022-11-03 15:46:45 info: ======= ENV: development =======
2022-11-03 15:46:45 info: 🚀 App listening on the port 3000
2022-11-03 15:46:45 info: ===== http://localhost:3000 =====
2022-11-03 15:46:45 info: =================================
2022-11-03 15:46:46 info: [0mGET /addOnePokemon [36m304[0m 167.076 ms - -[0m
2022-11-03 15:48:04 info: =================================
2022-11-03 15:48:04 info: ======= ENV: development =======
2022-11-03 15:48:04 info: 🚀 App listening on the port 3000
2022-11-03 15:48:04 info: ===== http://localhost:3000 =====
2022-11-03 15:48:04 info: =================================
2022-11-03 15:48:09 info: [0mGET /addOnePokemon [36m304[0m 107.756 ms - -[0m
2022-11-03 15:51:59 info: =================================
2022-11-03 15:51:59 info: ======= ENV: development =======
2022-11-03 15:51:59 info: 🚀 App listening on the port 3000
2022-11-03 15:51:59 info: ===== http://localhost:3000 =====
2022-11-03 15:51:59 info: =================================
2022-11-03 15:52:02 info: [0mGET /addOnePokemon [36m304[0m 128.044 ms - -[0m
2022-11-03 15:52:22 info: =================================
2022-11-03 15:52:22 info: ======= ENV: development =======
2022-11-03 15:52:22 info: 🚀 App listening on the port 3000
2022-11-03 15:52:22 info: ===== http://localhost:3000 =====
2022-11-03 15:52:22 info: =================================
2022-11-03 15:52:26 info: [0mGET /addOnePokemon [36m304[0m 185.808 ms - -[0m
2022-11-03 15:52:44 info: =================================
2022-11-03 15:52:44 info: ======= ENV: development =======
2022-11-03 15:52:44 info: 🚀 App listening on the port 3000
2022-11-03 15:52:44 info: ===== http://localhost:3000 =====
2022-11-03 15:52:44 info: =================================
2022-11-03 15:57:02 info: =================================
2022-11-03 15:57:02 info: ======= ENV: development =======
2022-11-03 15:57:02 info: 🚀 App listening on the port 3000
2022-11-03 15:57:02 info: ===== http://localhost:3000 =====
2022-11-03 15:57:02 info: =================================
2022-11-03 15:57:20 info: =================================
2022-11-03 15:57:20 info: ======= ENV: development =======
2022-11-03 15:57:20 info: 🚀 App listening on the port 3000
2022-11-03 15:57:20 info: ===== http://localhost:3000 =====
2022-11-03 15:57:20 info: =================================
2022-11-03 15:57:25 info: [0mGET /addOnePokemon [36m304[0m 494.756 ms - -[0m
2022-11-03 15:57:50 info: =================================
2022-11-03 15:57:50 info: ======= ENV: development =======
2022-11-03 15:57:50 info: 🚀 App listening on the port 3000
2022-11-03 15:57:50 info: ===== http://localhost:3000 =====
2022-11-03 15:57:50 info: =================================
2022-11-03 16:01:45 info: =================================
2022-11-03 16:01:45 info: ======= ENV: development =======
2022-11-03 16:01:45 info: 🚀 App listening on the port 3000
2022-11-03 16:01:45 info: ===== http://localhost:3000 =====
2022-11-03 16:01:45 info: =================================
2022-11-03 16:01:50 info: [0mGET /addOnePokemon [36m304[0m 993.831 ms - -[0m
2022-11-03 16:02:10 info: =================================
2022-11-03 16:02:10 info: ======= ENV: development =======
2022-11-03 16:02:10 info: 🚀 App listening on the port 3000
2022-11-03 16:02:10 info: ===== http://localhost:3000 =====
2022-11-03 16:02:10 info: =================================
2022-11-03 16:02:41 info: =================================
2022-11-03 16:02:41 info: ======= ENV: development =======
2022-11-03 16:02:41 info: 🚀 App listening on the port 3000
2022-11-03 16:02:41 info: ===== http://localhost:3000 =====
2022-11-03 16:02:41 info: =================================
2022-11-03 16:02:44 info: [0mGET /addOnePokemon [36m304[0m 124.374 ms - -[0m
2022-11-03 16:03:14 info: =================================
2022-11-03 16:03:14 info: ======= ENV: development =======
2022-11-03 16:03:14 info: 🚀 App listening on the port 3000
2022-11-03 16:03:14 info: ===== http://localhost:3000 =====
2022-11-03 16:03:14 info: =================================
2022-11-03 16:03:16 info: [0mGET /addOnePokemon [36m304[0m 107.233 ms - -[0m
2022-11-03 16:40:23 info: =================================
2022-11-03 16:40:23 info: ======= ENV: development =======
2022-11-03 16:40:23 info: 🚀 App listening on the port 3000
2022-11-03 16:40:23 info: ===== http://localhost:3000 =====
2022-11-03 16:40:23 info: =================================
2022-11-03 16:40:28 info: [0mGET /addOnePokemon [36m304[0m 124.592 ms - -[0m
2022-11-03 16:41:29 info: =================================
2022-11-03 16:41:29 info: ======= ENV: development =======
2022-11-03 16:41:29 info: 🚀 App listening on the port 3000
2022-11-03 16:41:29 info: ===== http://localhost:3000 =====
2022-11-03 16:41:29 info: =================================
2022-11-03 16:41:40 info: =================================
2022-11-03 16:41:40 info: ======= ENV: development =======
2022-11-03 16:41:40 info: 🚀 App listening on the port 3000
2022-11-03 16:41:40 info: ===== http://localhost:3000 =====
2022-11-03 16:41:40 info: =================================
2022-11-03 16:41:43 info: [0mGET /addOnePokemon [36m304[0m 122.173 ms - -[0m
2022-11-03 16:43:26 info: =================================
2022-11-03 16:43:26 info: ======= ENV: development =======
2022-11-03 16:43:26 info: 🚀 App listening on the port 3000
2022-11-03 16:43:26 info: ===== http://localhost:3000 =====
2022-11-03 16:43:26 info: =================================
2022-11-03 16:43:32 info: [0mGET /addOnePokemon [36m304[0m 113.575 ms - -[0m
2022-11-03 16:46:49 info: =================================
2022-11-03 16:46:49 info: ======= ENV: development =======
2022-11-03 16:46:49 info: 🚀 App listening on the port 3000
2022-11-03 16:46:49 info: ===== http://localhost:3000 =====
2022-11-03 16:46:49 info: =================================
2022-11-03 16:46:52 info: [0mGET /addOnePokemon [36m304[0m 201.777 ms - -[0m
2022-11-03 16:46:58 info: [0mGET /addOnePokemon [36m304[0m 72.233 ms - -[0m
2022-11-03 16:55:35 info: =================================
2022-11-03 16:55:35 info: ======= ENV: development =======
2022-11-03 16:55:35 info: 🚀 App listening on the port 3000
2022-11-03 16:55:35 info: ===== http://localhost:3000 =====
2022-11-03 16:55:35 info: =================================
2022-11-03 16:55:36 info: [0mGET /addOnePokemon [36m304[0m 105.262 ms - -[0m
2022-11-03 16:55:56 info: =================================
2022-11-03 16:55:56 info: ======= ENV: development =======
2022-11-03 16:55:56 info: 🚀 App listening on the port 3000
2022-11-03 16:55:56 info: ===== http://localhost:3000 =====
2022-11-03 16:55:56 info: =================================
2022-11-03 16:56:04 info: =================================
2022-11-03 16:56:04 info: ======= ENV: development =======
2022-11-03 16:56:04 info: 🚀 App listening on the port 3000
2022-11-03 16:56:04 info: ===== http://localhost:3000 =====
2022-11-03 16:56:04 info: =================================
2022-11-03 16:56:20 info: [0mGET /addOnePokemon [36m304[0m 85.436 ms - -[0m
2022-11-03 17:00:43 info: =================================
2022-11-03 17:00:43 info: ======= ENV: development =======
2022-11-03 17:00:43 info: 🚀 App listening on the port 3000
2022-11-03 17:00:43 info: ===== http://localhost:3000 =====
2022-11-03 17:00:43 info: =================================
2022-11-03 17:00:43 info: [0mGET /addOnePokemon [36m304[0m 96.749 ms - -[0m
2022-11-03 17:01:24 info: =================================
2022-11-03 17:01:24 info: ======= ENV: development =======
2022-11-03 17:01:24 info: 🚀 App listening on the port 3000
2022-11-03 17:01:24 info: ===== http://localhost:3000 =====
2022-11-03 17:01:24 info: =================================
2022-11-03 17:01:26 info: [0mGET /addOnePokemon [36m304[0m 110.678 ms - -[0m
2022-11-03 17:02:20 info: =================================
2022-11-03 17:02:20 info: ======= ENV: development =======
2022-11-03 17:02:20 info: 🚀 App listening on the port 3000
2022-11-03 17:02:20 info: ===== http://localhost:3000 =====
2022-11-03 17:02:20 info: =================================
2022-11-03 17:02:21 info: [0mGET /addOnePokemon [36m304[0m 88.595 ms - -[0m
2022-11-03 17:03:09 info: =================================
2022-11-03 17:03:09 info: ======= ENV: development =======
2022-11-03 17:03:09 info: 🚀 App listening on the port 3000
2022-11-03 17:03:09 info: ===== http://localhost:3000 =====
2022-11-03 17:03:09 info: =================================
2022-11-03 17:03:17 info: =================================
2022-11-03 17:03:17 info: ======= ENV: development =======
2022-11-03 17:03:17 info: 🚀 App listening on the port 3000
2022-11-03 17:03:17 info: ===== http://localhost:3000 =====
2022-11-03 17:03:17 info: =================================
2022-11-03 17:10:13 info: =================================
2022-11-03 17:10:13 info: ======= ENV: development =======
2022-11-03 17:10:13 info: 🚀 App listening on the port 3000
2022-11-03 17:10:13 info: ===== http://localhost:3000 =====
2022-11-03 17:10:13 info: =================================
2022-11-03 17:10:13 info: [0mGET /addOnePokemon [36m304[0m 145.268 ms - -[0m
2022-11-03 17:11:00 info: =================================
2022-11-03 17:11:00 info: ======= ENV: development =======
2022-11-03 17:11:00 info: 🚀 App listening on the port 3000
2022-11-03 17:11:00 info: ===== http://localhost:3000 =====
2022-11-03 17:11:00 info: =================================
2022-11-03 17:11:01 info: [0mGET /addOnePokemon [36m304[0m 115.991 ms - -[0m
2022-11-03 17:11:32 info: =================================
2022-11-03 17:11:32 info: ======= ENV: development =======
2022-11-03 17:11:32 info: 🚀 App listening on the port 3000
2022-11-03 17:11:32 info: ===== http://localhost:3000 =====
2022-11-03 17:11:32 info: =================================
2022-11-03 17:11:47 info: [0mGET /addOnePokemon [36m304[0m 97.529 ms - -[0m
