2022-11-04 13:34:39 info: =================================
2022-11-04 13:34:39 info: ======= ENV: development =======
2022-11-04 13:34:39 info: 🚀 App listening on the port 3000
2022-11-04 13:34:39 info: ===== http://localhost:3000 =====
2022-11-04 13:34:39 info: =================================
2022-11-04 13:34:50 info: [0mGET /addOnePokemon [36m304[0m 463.486 ms - -[0m
2022-11-04 13:34:51 info: [0mGET /favicon.ico [33m404[0m 19.316 ms - 150[0m
2022-11-04 13:35:20 info: =================================
2022-11-04 13:35:20 info: ======= ENV: development =======
2022-11-04 13:35:20 info: 🚀 App listening on the port 3000
2022-11-04 13:35:20 info: ===== http://localhost:3000 =====
2022-11-04 13:35:20 info: =================================
2022-11-04 13:35:24 info: [0mGET /addOnePokemon [36m304[0m 253.651 ms - -[0m
2022-11-04 13:36:06 info: =================================
2022-11-04 13:36:06 info: ======= ENV: development =======
2022-11-04 13:36:06 info: 🚀 App listening on the port 3000
2022-11-04 13:36:06 info: ===== http://localhost:3000 =====
2022-11-04 13:36:06 info: =================================
2022-11-04 13:36:53 info: [0mGET /addOnePokemon [36m304[0m 355.025 ms - -[0m
2022-11-04 13:37:26 info: =================================
2022-11-04 13:37:26 info: ======= ENV: development =======
2022-11-04 13:37:26 info: 🚀 App listening on the port 3000
2022-11-04 13:37:26 info: ===== http://localhost:3000 =====
2022-11-04 13:37:26 info: =================================
2022-11-04 13:37:28 info: [0mGET /addOnePokemon [36m304[0m 279.015 ms - -[0m
2022-11-04 13:42:23 info: [0mOPTIONS /pokemon [32m204[0m 2.827 ms - 0[0m
2022-11-04 13:42:23 info: [0mGET /pokemon [32m200[0m 214.590 ms - -[0m
2022-11-04 13:42:55 info: =================================
2022-11-04 13:42:55 info: ======= ENV: development =======
2022-11-04 13:42:55 info: 🚀 App listening on the port 3000
2022-11-04 13:42:55 info: ===== http://localhost:3000 =====
2022-11-04 13:42:55 info: =================================
2022-11-04 13:44:14 info: =================================
2022-11-04 13:44:14 info: ======= ENV: development =======
2022-11-04 13:44:14 info: 🚀 App listening on the port 3000
2022-11-04 13:44:14 info: ===== http://localhost:3000 =====
2022-11-04 13:44:14 info: =================================
2022-11-04 13:45:31 info: =================================
2022-11-04 13:45:31 info: ======= ENV: development =======
2022-11-04 13:45:31 info: 🚀 App listening on the port 3000
2022-11-04 13:45:31 info: ===== http://localhost:3000 =====
2022-11-04 13:45:31 info: =================================
2022-11-04 13:45:44 info: =================================
2022-11-04 13:45:44 info: ======= ENV: development =======
2022-11-04 13:45:44 info: 🚀 App listening on the port 3000
2022-11-04 13:45:44 info: ===== http://localhost:3000 =====
2022-11-04 13:45:44 info: =================================
2022-11-04 13:46:30 info: =================================
2022-11-04 13:46:30 info: ======= ENV: development =======
2022-11-04 13:46:30 info: 🚀 App listening on the port 3000
2022-11-04 13:46:30 info: ===== http://localhost:3000 =====
2022-11-04 13:46:30 info: =================================
2022-11-04 13:46:45 info: =================================
2022-11-04 13:46:45 info: ======= ENV: development =======
2022-11-04 13:46:45 info: 🚀 App listening on the port 3000
2022-11-04 13:46:45 info: ===== http://localhost:3000 =====
2022-11-04 13:46:45 info: =================================
2022-11-04 13:46:59 info: =================================
2022-11-04 13:46:59 info: ======= ENV: development =======
2022-11-04 13:46:59 info: 🚀 App listening on the port 3000
2022-11-04 13:46:59 info: ===== http://localhost:3000 =====
2022-11-04 13:46:59 info: =================================
2022-11-04 13:47:35 info: =================================
2022-11-04 13:47:35 info: ======= ENV: development =======
2022-11-04 13:47:35 info: 🚀 App listening on the port 3000
2022-11-04 13:47:35 info: ===== http://localhost:3000 =====
2022-11-04 13:47:35 info: =================================
2022-11-04 13:47:47 info: [0mGET /pokemon [32m200[0m 122.539 ms - -[0m
2022-11-04 13:50:08 info: [0mGET /pokemon [32m200[0m 26.698 ms - -[0m
2022-11-04 13:50:25 info: [0mGET /pokemon [36m304[0m 11.792 ms - -[0m
2022-11-04 13:53:44 info: =================================
2022-11-04 13:53:44 info: ======= ENV: development =======
2022-11-04 13:53:44 info: 🚀 App listening on the port 3000
2022-11-04 13:53:44 info: ===== http://localhost:3000 =====
2022-11-04 13:53:44 info: =================================
2022-11-04 13:54:00 info: =================================
2022-11-04 13:54:00 info: ======= ENV: development =======
2022-11-04 13:54:00 info: 🚀 App listening on the port 3000
2022-11-04 13:54:00 info: ===== http://localhost:3000 =====
2022-11-04 13:54:00 info: =================================
2022-11-04 13:55:28 info: [0mGET /pokemon [36m304[0m 81.897 ms - -[0m
2022-11-04 13:55:46 info: [0mGET /pokemon [36m304[0m 19.377 ms - -[0m
2022-11-04 13:56:14 info: =================================
2022-11-04 13:56:14 info: ======= ENV: development =======
2022-11-04 13:56:14 info: 🚀 App listening on the port 3000
2022-11-04 13:56:14 info: ===== http://localhost:3000 =====
2022-11-04 13:56:14 info: =================================
2022-11-04 13:56:17 info: [0mGET /pokemon [36m304[0m 84.697 ms - -[0m
2022-11-04 13:56:46 info: =================================
2022-11-04 13:56:46 info: ======= ENV: development =======
2022-11-04 13:56:46 info: 🚀 App listening on the port 3000
2022-11-04 13:56:46 info: ===== http://localhost:3000 =====
2022-11-04 13:56:46 info: =================================
2022-11-04 13:57:23 info: =================================
2022-11-04 13:57:23 info: ======= ENV: development =======
2022-11-04 13:57:23 info: 🚀 App listening on the port 3000
2022-11-04 13:57:23 info: ===== http://localhost:3000 =====
2022-11-04 13:57:23 info: =================================
2022-11-04 13:57:38 info: =================================
2022-11-04 13:57:38 info: ======= ENV: development =======
2022-11-04 13:57:38 info: 🚀 App listening on the port 3000
2022-11-04 13:57:38 info: ===== http://localhost:3000 =====
2022-11-04 13:57:38 info: =================================
2022-11-04 13:59:32 info: =================================
2022-11-04 13:59:32 info: ======= ENV: development =======
2022-11-04 13:59:32 info: 🚀 App listening on the port 3000
2022-11-04 13:59:32 info: ===== http://localhost:3000 =====
2022-11-04 13:59:32 info: =================================
2022-11-04 14:04:54 info: =================================
2022-11-04 14:04:54 info: ======= ENV: development =======
2022-11-04 14:04:54 info: 🚀 App listening on the port 3000
2022-11-04 14:04:54 info: ===== http://localhost:3000 =====
2022-11-04 14:04:54 info: =================================
2022-11-04 14:05:18 info: =================================
2022-11-04 14:05:18 info: ======= ENV: development =======
2022-11-04 14:05:18 info: 🚀 App listening on the port 3000
2022-11-04 14:05:18 info: ===== http://localhost:3000 =====
2022-11-04 14:05:18 info: =================================
2022-11-04 14:07:48 info: =================================
2022-11-04 14:07:48 info: ======= ENV: development =======
2022-11-04 14:07:48 info: 🚀 App listening on the port 3000
2022-11-04 14:07:48 info: ===== http://localhost:3000 =====
2022-11-04 14:07:48 info: =================================
2022-11-04 14:09:05 info: =================================
2022-11-04 14:09:05 info: ======= ENV: development =======
2022-11-04 14:09:05 info: 🚀 App listening on the port 3000
2022-11-04 14:09:05 info: ===== http://localhost:3000 =====
2022-11-04 14:09:05 info: =================================
2022-11-04 14:09:40 info: =================================
2022-11-04 14:09:40 info: ======= ENV: development =======
2022-11-04 14:09:40 info: 🚀 App listening on the port 3000
2022-11-04 14:09:40 info: ===== http://localhost:3000 =====
2022-11-04 14:09:40 info: =================================
2022-11-04 14:10:56 info: =================================
2022-11-04 14:10:57 info: ======= ENV: development =======
2022-11-04 14:10:57 info: 🚀 App listening on the port 3000
2022-11-04 14:10:57 info: ===== http://localhost:3000 =====
2022-11-04 14:10:57 info: =================================
2022-11-04 14:11:05 info: [0mGET /addOnePokemon [36m304[0m 895.590 ms - -[0m
2022-11-04 14:11:55 info: =================================
2022-11-04 14:11:55 info: ======= ENV: development =======
2022-11-04 14:11:55 info: 🚀 App listening on the port 3000
2022-11-04 14:11:55 info: ===== http://localhost:3000 =====
2022-11-04 14:11:55 info: =================================
2022-11-04 14:12:00 info: [0mGET /addOnePokemon [36m304[0m 1354.929 ms - -[0m
2022-11-04 14:12:27 info: =================================
2022-11-04 14:12:27 info: ======= ENV: development =======
2022-11-04 14:12:27 info: 🚀 App listening on the port 3000
2022-11-04 14:12:27 info: ===== http://localhost:3000 =====
2022-11-04 14:12:27 info: =================================
2022-11-04 14:12:36 info: =================================
2022-11-04 14:12:36 info: ======= ENV: development =======
2022-11-04 14:12:36 info: 🚀 App listening on the port 3000
2022-11-04 14:12:36 info: ===== http://localhost:3000 =====
2022-11-04 14:12:36 info: =================================
2022-11-04 14:13:15 info: =================================
2022-11-04 14:13:15 info: ======= ENV: development =======
2022-11-04 14:13:15 info: 🚀 App listening on the port 3000
2022-11-04 14:13:15 info: ===== http://localhost:3000 =====
2022-11-04 14:13:15 info: =================================
2022-11-04 14:13:21 info: [0mGET /addOnePokemon [36m304[0m 1313.366 ms - -[0m
2022-11-04 14:28:33 info: =================================
2022-11-04 14:28:33 info: ======= ENV: development =======
2022-11-04 14:28:33 info: 🚀 App listening on the port 3000
2022-11-04 14:28:33 info: ===== http://localhost:3000 =====
2022-11-04 14:28:33 info: =================================
